0 info it worked if it ends with ok
1 verbose cli [ '/usr/bin/node',
1 verbose cli   '/usr/bin/npm',
1 verbose cli   'install',
1 verbose cli   '-g',
1 verbose cli   'npm',
1 verbose cli   '--debug' ]
2 info using npm@1.4.21
3 info using node@v8.11.1
4 verbose cache add [ 'npm', null ]
5 verbose cache add name=undefined spec="npm" args=["npm",null]
6 verbose parsed url Url {
6 verbose parsed url   protocol: null,
6 verbose parsed url   slashes: null,
6 verbose parsed url   auth: null,
6 verbose parsed url   host: null,
6 verbose parsed url   port: null,
6 verbose parsed url   hostname: null,
6 verbose parsed url   hash: null,
6 verbose parsed url   search: null,
6 verbose parsed url   query: null,
6 verbose parsed url   pathname: 'npm',
6 verbose parsed url   path: 'npm',
6 verbose parsed url   href: 'npm' }
7 silly lockFile 660051d1-npm npm
8 verbose lock npm /root/.npm/660051d1-npm.lock
9 silly lockFile 660051d1-npm npm
10 silly lockFile 660051d1-npm npm
11 verbose addNamed [ 'npm', '' ]
12 verbose addNamed [ null, '*' ]
13 silly lockFile 2f990b75-npm npm@
14 verbose lock npm@ /root/.npm/2f990b75-npm.lock
15 silly addNameRange { name: 'npm', range: '*', hasData: false }
16 verbose request where is /npm
17 verbose request registry https://registry.npmjs.org/
18 verbose request id 476eff47389a9399
19 verbose url raw /npm
20 verbose url resolving [ 'https://registry.npmjs.org/', './npm' ]
21 verbose url resolved https://registry.npmjs.org/npm
22 verbose request where is https://registry.npmjs.org/npm
23 info trying registry request attempt 1 at 11:27:02 AM
24 http GET https://registry.npmjs.org/npm
25 info retry will retry, error on last attempt: Error: getaddrinfo EAI_AGAIN registry.npmjs.org:443
26 info trying registry request attempt 2 at 11:27:32 AM
27 http GET https://registry.npmjs.org/npm
28 info retry will retry, error on last attempt: Error: getaddrinfo EAI_AGAIN registry.npmjs.org:443
29 info trying registry request attempt 3 at 11:28:52 AM
30 http GET https://registry.npmjs.org/npm
31 silly lockFile 2f990b75-npm npm@
32 silly lockFile 2f990b75-npm npm@
33 error Error: getaddrinfo EAI_AGAIN registry.npmjs.org:443
33 error     at Object._errnoException (util.js:1022:11)
33 error     at errnoException (dns.js:55:15)
33 error     at GetAddrInfoReqWrap.onlookup [as oncomplete] (dns.js:92:26)
34 error If you need help, you may report this *entire* log,
34 error including the npm and node versions, at:
34 error     <http://github.com/npm/npm/issues>
35 error System Linux 4.14.52-v7+
36 error command "/usr/bin/node" "/usr/bin/npm" "install" "-g" "npm" "--debug"
37 error cwd /home/pi/utopi_backend
38 error node -v v8.11.1
39 error npm -v 1.4.21
40 error syscall getaddrinfo
41 error code EAI_AGAIN
42 error errno EAI_AGAIN
43 verbose exit [ 1, true ]
